2024-05-12-14-14-00 : root : Restored file: testooPP from bucket:BackupprojetSE
2024-05-12-14-14-29 : root : Restored file: testoozzz from bucket:BackupprojetSE
2024-05-12-14-26-09 : root : Restored file: testing/test2.txt from bucket:BackupprojetSE
2024-05-12-14-26-09 : root : Restored file: testing/test5.txt from bucket:BackupprojetSE
2024-05-12-14-26-09 : root : Restored file: testing/test3.txt from bucket:BackupprojetSE
2024-05-12-14-26-10 : root : Restored file: testing/test.txt from bucket:BackupprojetSE
2024-05-12-14-26-10 : root : Restored file: testing/test7.txt from bucket:BackupprojetSE
2024-05-12-14-26-10 : root : Restored file: testing/test6.txt from bucket:BackupprojetSE
2024-05-12-14-26-15 : root : Restored file: testing/test4.txt from bucket:BackupprojetSE
2024-05-12-15-04-40 : root : Restored file: testHAHA from bucket:BackupprojetSE
2024-05-12-19-49-28 : root : Restored file: haha from bucket:BackupprojetSE
2024-05-12-19-50-54 : luuke : Restored file:  from bucket:BackupprojetSE
2024-05-12-19-53-28 : root : Restored file: haha from bucket:BackupprojetSE
2024-05-12-19-55-31 : root : Restored file: ./ismailtests/test.txt from bucket:BackupprojetSE
2024-05-12-20-15-24 : root : Restored file: ismail from bucket:BackupProjet
2024-05-12-20-18-28 : root : Restored file: ismail from bucket:BackupProjet
2024-05-12-21-28-31 : root : Restored file: ismail from bucket:BackupProjet
2024-05-12-21-36-32 : root : Restored file: ismail from bucket:BackupProjet
2024-05-12-21-42-27 : root : Restored file: ismail from bucket:BackupProjet
2024-05-12-21-48-40 : root : Restored file: ./ismailtests/test.txt from bucket:BackupProjet
2024-05-13-10-01-16 : root : Restored file: ./ismailtests/test.txt from bucket:BackupProjet
2024-05-13-10-02-06 : root : Restored file: ismailtests/test.txt from bucket:BackupProjet
2024-05-13-10-05-10 : root : Restored file: ismailtests/test.txt from bucket:BackupProjet
2024-05-13-10-06-11 : root : Restored file: ismailtests/test.txt from bucket:BackupProjet
2024-05-13-10-06-34 : root : Restored file: ismailtests/test.txt from bucket:BackupProjet
2024-05-13-10-07-29 : root : Restored file: ismailtests/test2.txt from bucket:BackupProjet
2024-05-13-10-07-30 : root : Restored file: ismailtests/test3.txt from bucket:BackupProjet
2024-05-13-10-07-30 : root : Restored file: ismailtests/test.txt from bucket:BackupProjet
2024-05-13-10-10-08 : root : Restored file: ismailtests/test.txt from bucket:BackupProjet
2024-05-13-10-10-21 : root : Restored file: ismailtests/test.txt from bucket:BackupProjet
2024-05-13-10-11-58 : root : Restored file: ismailtests/test.txt from bucket:BackupProjet
2024-05-13-10-13-45 : root : Restored file: ismailtests/test.txt from bucket:BackupProjet
2024-05-13-10-15-46 : root : Restored file: ismailtests/test.txt from bucket:BackupProjet
2024-05-13-10-17-14 : root : Restored file: ismailtests/test3.txt from bucket:BackupProjet
2024-05-13-10-24-22 : root : Restored file: ismailtests/test3.txt from bucket:BackupProjet
2024-05-13-10-28-18 : root : Restored file: ismailtests/test.txt from bucket:BackupProjet
2024-05-13-10-31-04 : root : Restored file: ismailtests/test2.txt from bucket:BackupProjet
2024-05-13-10-31-28 : root : Restored file: ismailtests/test3.txt from bucket:BackupProjet
2024-05-13-10-31-40 : root : Restored file: ismailtests/test.txt from bucket:BackupProjet
2024-05-13-10-31-47 : root : Restored file: ismailtests/test3.txt from bucket:BackupProjet
2024-05-13-10-34-52 : root : Restored file: ismailtests/test2.txt from bucket:BackupProjet
2024-05-13-10-38-19 : root : Restored file: ismailtests/test2.txt from bucket:BackupProjet
2024-05-13-10-38-19 : root : Restored file: ismailtests/test3.txt from bucket:BackupProjet
2024-05-13-10-38-19 : root : Restored file: ismailtests/test.txt from bucket:BackupProjet
2024-05-13-10-48-17 : root : Restored file: test.txt from bucket:BackupProjet
2024-05-13-11-10-20 : root : Restored file: test.txt from bucket:BackupProjet
2024-05-13-11-10-34 : root : Restored file: test.txt from bucket:BackupProjet
2024-05-13-11-11-52 : root : Restored file: test.txt from bucket:BackupProjet
2024-05-13-11-12-05 : root : Restored file: ismailtests from bucket:BackupProjet
2024-05-13-11-13-21 : root : Restored file: ismailtests from bucket:BackupProjet
2024-05-13-11-13-49 : root : Restored file: ismailtests from bucket:BackupProjet
2024-05-13-11-14-00 : root : Restored file: ismailtests/test2.txt from bucket:BackupProjet
2024-05-13-11-14-16 : root : Restored file: ismailtests/test3.txt from bucket:BackupProjet
2024-05-13-11-14-34 : root : Restored file: ismailtests/test3.txt from bucket:BackupProjet
2024-05-13-11-14-51 : root : Restored file: ismailtests/test2.txt from bucket:BackupProjet
2024-05-13-11-23-29 : root : Restored file: ismailtests/test.txt from bucket:BackupProjet
2024-05-13-11-23-29 : root : Restored file: ismailtests/test2.txt from bucket:BackupProjet
2024-05-13-11-23-30 : root : Restored file: ismailtests/test3.txt from bucket:BackupProjet
2024-05-14-14-11-37 : root : Restored file: . from bucket:BackupProjet
2024-05-14-14-12-20 : root : Restored file: ./test.txt from bucket:BackupProjet
2024-05-14-14-12-20 : root : Restored file: ./README.md from bucket:BackupProjet
2024-05-14-14-12-21 : root : Restored file: ./threadsBackup.c from bucket:BackupProjet
2024-05-14-14-12-21 : root : Restored file: ./restoreFile.log from bucket:BackupProjet
2024-05-14-14-12-21 : root : Restored file: ./backup from bucket:BackupProjet
2024-05-14-14-12-21 : root : Restored file: ./backup2 from bucket:BackupProjet
2024-05-14-14-12-21 : root : Restored file: ./forkBackup.c from bucket:BackupProjet
2024-05-14-14-12-21 : root : Restored file: ./.gitignore from bucket:BackupProjet
2024-05-14-14-12-21 : root : Restored file: ./backup.sh from bucket:BackupProjet
2024-05-14-14-19-43 : root : Restored file: ismailtests/test3.txt from bucket:BackupProjet
2024-05-14-14-42-06 : root : Restored file: ismailtests from bucket:BackupProjet
2024-05-14-14-55-23 : root : Restored file: ismailtests from bucket:BackupProjet
2024-05-14-16-53-37 : root : Restored file: ismailtests/test3.txt from bucket:BackupProjet
2024-05-14-16-53-50 : root : Restored file: ismailtests from bucket:BackupProjet
2024-05-14-16-54-13 : root : Restored file: ismailtests/test3.txt from bucket:BackupProjet
2024-05-14-16-54-14 : root : Restored file: ismailtests/test.txt from bucket:BackupProjet
2024-05-14-16-54-24 : root : Restored file: ismailtests/test2.txt from bucket:BackupProjet
2024-05-14-16-54-55 : root : Restored file: ismailtests/test2.txt from bucket:BackupProjet
2024-05-14-16-54-56 : root : Restored file: ismailtests/test.txt from bucket:BackupProjet
2024-05-14-16-54-59 : root : Restored file: ismailtests/test3.txt from bucket:BackupProjet
2024-05-14-16-55-08 : root : Restored file: ismailtests from bucket:BackupProjet
2024-05-14-17-30-17 : root : Restored file: ismailtests from bucket:BackupProjet
2024-05-14-17-31-13 : root : Restored file: ismailtests/test2.txt from bucket:BackupProjet
2024-05-14-17-31-20 : root : Restored file: ismailtests/test.txt from bucket:BackupProjet
2024-05-14-17-31-21 : root : Restored file: ismailtests/test3.txt from bucket:BackupProjet
2024-05-14-17-32-04 : root : Restored file: ismailtests/test2.txt from bucket:BackupProjet
2024-05-17-12-28-21 : root : Restored file: ismailtests/ from bucket:BackupProjet
2024-05-17-12-34-55 : root : Restored file: ismailtests/ from bucket:BackupProjet
